{"level":"info","message":"⌛ Building environment","timeElapsed":260,"timestamp":"2024-09-18T14:24:14.107Z"}
{"level":"info","message":"onRequest - WORKSPACE_URI:file:///c%3A/Users/rami/Desktop/Paradigma%20POO","timestamp":"2024-09-18T14:24:14.114Z"}
{"level":"info","message":"⌛ Building environment","timeElapsed":286,"timestamp":"2024-09-18T14:24:14.402Z"}
{"level":"info","message":"⌛ Building environment","timeElapsed":140,"timestamp":"2024-09-18T14:24:14.944Z"}
{"level":"info","message":"⌛ Validating Clases/Clase%2002/example.wlk","timeElapsed":258,"timestamp":"2024-09-18T14:24:15.204Z"}
{"level":"info","message":"⌛ Building environment","timeElapsed":141,"timestamp":"2024-09-18T14:24:15.347Z"}
{"level":"info","message":"⌛ Validating Guias/Guia%201/Ejercicio%201/testExample.wtest","timeElapsed":333,"timestamp":"2024-09-18T14:24:15.697Z"}
{"level":"info","message":"⌛ Validating Guias/Guia%201/Ejercicio%201/example.wlk","timeElapsed":175,"timestamp":"2024-09-18T14:24:15.877Z"}
{"level":"info","message":"⌛ Validating Clases/Clase%2002/testExample.wtest","timeElapsed":167,"timestamp":"2024-09-18T14:24:16.045Z"}
{"level":"info","message":"⌛ Validating Clases/Clase%2001/testExample.wtest","timeElapsed":187,"timestamp":"2024-09-18T14:24:16.232Z"}
{"level":"info","message":"⌛ Validating Clases/Clase%2001/example.wlk","timeElapsed":169,"timestamp":"2024-09-18T14:24:16.407Z"}
{"level":"info","message":"⌛ Validating Clases/Clase%2002/example.wlk","timeElapsed":138,"timestamp":"2024-09-18T14:24:16.545Z"}
{"level":"info","message":"⌛ Validating Guias/Guia%201/Ejercicio%201/example.wlk","timeElapsed":121,"timestamp":"2024-09-18T14:24:16.761Z"}
{"level":"info","message":"⌛ Validating Clases/Clase%2002/testExample.wtest","timeElapsed":112,"timestamp":"2024-09-18T14:24:16.873Z"}
{"level":"info","message":"⌛ Validating Clases/Clase%2001/testExample.wtest","timeElapsed":105,"timestamp":"2024-09-18T14:24:16.979Z"}
{"level":"info","message":"⌛ Building environment","timeElapsed":233,"timestamp":"2024-09-18T14:24:27.767Z"}
{"level":"info","message":"⌛ Validating Clases/Clase%2002/example.wlk","timeElapsed":123,"timestamp":"2024-09-18T14:24:27.898Z"}
{"level":"info","message":"⌛ Building environment","timeElapsed":164,"timestamp":"2024-09-18T14:24:41.260Z"}
{"level":"info","message":"⌛ Validating Clases/Clase%2002/example.wlk","timeElapsed":135,"timestamp":"2024-09-18T14:24:41.397Z"}
{"level":"info","message":"⌛ Building environment","timeElapsed":181,"timestamp":"2024-09-18T14:24:42.234Z"}
{"level":"info","message":"⌛ Validating Clases/Clase%2002/example.wlk","timeElapsed":133,"timestamp":"2024-09-18T14:24:42.377Z"}
{"level":"info","message":"⌛ Building environment","timeElapsed":265,"timestamp":"2024-09-18T14:24:42.909Z"}
{"level":"info","message":"⌛ Validating Clases/Clase%2002/example.wlk","timeElapsed":304,"timestamp":"2024-09-18T14:24:43.277Z"}
{"level":"info","message":"⌛ Building environment","timeElapsed":136,"timestamp":"2024-09-18T14:24:43.418Z"}
{"level":"info","message":"onRequest - completionItem/resolve","timestamp":"2024-09-18T14:24:43.522Z"}
{"level":"info","message":"⌛ Validating Clases/Clase%2002/example.wlk","timeElapsed":173,"timestamp":"2024-09-18T14:24:43.697Z"}
{"level":"info","message":"⌛ Validating Clases/Clase%2002/example.wlk","timeElapsed":169,"timestamp":"2024-09-18T14:24:43.867Z"}
{"level":"info","message":"⌛ Validating Clases/Clase%2002/example.wlk","timeElapsed":126,"timestamp":"2024-09-18T14:24:44.099Z"}
{"level":"error","message":"✘ Failed to rebuild document Failed to parse Clases/Clase%2002/example.wlk: \n-- PARSING FAILED --------------------------------------------------\n\n  22 |     \n  23 |   }\n> 24 | }\n     | ^\n  25 | \n  26 | object manager {\n\nExpected one of the following: \n\n'@', 'class', 'const', 'describe', 'mixin', 'object', 'only', 'package', 'program', 'test', 'var', '{', EOF, comment, not \"}\n\n\", whitespace\n","stack":"Error: Failed to parse Clases/Clase%2002/example.wlk: \n-- PARSING FAILED --------------------------------------------------\n\n  22 |     \n  23 |   }\n> 24 | }\n     | ^\n  25 | \n  26 | object manager {\n\nExpected one of the following: \n\n'@', 'class', 'const', 'describe', 'mixin', 'object', 'only', 'package', 'program', 'test', 'var', '{', EOF, comment, not \"}\n\n\", whitespace\n\n    at c:\\Users\\rami\\.vscode\\extensions\\uqbar.wollok-lsp-ide-0.3.4\\node_modules\\wollok-ts\\dist\\index.js:54:19\n    at Array.map (<anonymous>)\n    at buildEnvironment (c:\\Users\\rami\\.vscode\\extensions\\uqbar.wollok-lsp-ide-0.3.4\\node_modules\\wollok-ts\\dist\\index.js:49:40)\n    at EnvironmentProvider.buildEnvironmentFrom (c:\\Users\\rami\\.vscode\\extensions\\uqbar.wollok-lsp-ide-0.3.4\\server\\out\\utils\\vm\\environment.js:29:66)\n    at EnvironmentProvider.updateEnvironmentWith (c:\\Users\\rami\\.vscode\\extensions\\uqbar.wollok-lsp-ide-0.3.4\\server\\out\\utils\\vm\\environment.js:19:37)\n    at rebuildTextDocument (c:\\Users\\rami\\.vscode\\extensions\\uqbar.wollok-lsp-ide-0.3.4\\server\\out\\server.js:102:29)\n    at CallbackList.invoke (c:\\Users\\rami\\.vscode\\extensions\\uqbar.wollok-lsp-ide-0.3.4\\server\\node_modules\\vscode-jsonrpc\\lib\\common\\events.js:55:39)\n    at Emitter.fire (c:\\Users\\rami\\.vscode\\extensions\\uqbar.wollok-lsp-ide-0.3.4\\server\\node_modules\\vscode-jsonrpc\\lib\\common\\events.js:117:36)\n    at c:\\Users\\rami\\.vscode\\extensions\\uqbar.wollok-lsp-ide-0.3.4\\server\\node_modules\\vscode-languageserver\\lib\\common\\textDocuments.js:138:42\n    at handleNotification (c:\\Users\\rami\\.vscode\\extensions\\uqbar.wollok-lsp-ide-0.3.4\\server\\node_modules\\vscode-jsonrpc\\lib\\common\\connection.js:640:25)","timestamp":"2024-09-18T14:24:44.344Z"}
{"level":"info","message":"⌛ Building environment","timeElapsed":134,"timestamp":"2024-09-18T14:24:45.113Z"}
{"level":"info","message":"⌛ Validating Clases/Clase%2002/example.wlk","timeElapsed":165,"timestamp":"2024-09-18T14:24:45.308Z"}
{"level":"info","message":"onRequest - completionItem/resolve","timestamp":"2024-09-18T14:24:45.309Z"}
{"level":"info","message":"onRequest - completionItem/resolve","timestamp":"2024-09-18T14:24:45.404Z"}
{"level":"info","message":"⌛ Validating Clases/Clase%2002/example.wlk","timeElapsed":132,"timestamp":"2024-09-18T14:24:45.536Z"}
{"level":"info","message":"⌛ Building environment","timeElapsed":133,"timestamp":"2024-09-18T14:24:45.713Z"}
{"level":"info","message":"onRequest - completionItem/resolve","timestamp":"2024-09-18T14:24:45.714Z"}
{"level":"info","message":"⌛ Validating Clases/Clase%2002/example.wlk","timeElapsed":130,"timestamp":"2024-09-18T14:24:45.851Z"}
{"level":"info","message":"⌛ Building environment","timeElapsed":134,"timestamp":"2024-09-18T14:24:46.304Z"}
{"level":"info","message":"⌛ Validating Clases/Clase%2002/example.wlk","timeElapsed":140,"timestamp":"2024-09-18T14:24:46.446Z"}
{"level":"info","message":"⌛ Building environment","timeElapsed":123,"timestamp":"2024-09-18T14:24:48.214Z"}
{"level":"info","message":"⌛ Validating Clases/Clase%2002/example.wlk","timeElapsed":170,"timestamp":"2024-09-18T14:24:48.384Z"}
{"level":"info","message":"⌛ Building environment","timeElapsed":135,"timestamp":"2024-09-18T14:24:48.524Z"}
{"level":"info","message":"⌛ Building environment","timeElapsed":116,"timestamp":"2024-09-18T14:24:48.642Z"}
{"level":"info","message":"⌛ Validating Clases/Clase%2002/example.wlk","timeElapsed":221,"timestamp":"2024-09-18T14:24:48.866Z"}
{"level":"info","message":"⌛ Validating Clases/Clase%2002/example.wlk","timeElapsed":174,"timestamp":"2024-09-18T14:24:49.041Z"}
{"level":"info","message":"⌛ Building environment","timeElapsed":109,"timestamp":"2024-09-18T14:24:49.150Z"}
{"level":"info","message":"⌛ Building environment","timeElapsed":131,"timestamp":"2024-09-18T14:24:49.291Z"}
{"level":"info","message":"⌛ Validating Clases/Clase%2002/example.wlk","timeElapsed":138,"timestamp":"2024-09-18T14:24:49.430Z"}
{"level":"info","message":"⌛ Building environment","timeElapsed":125,"timestamp":"2024-09-18T14:24:49.564Z"}
{"level":"info","message":"⌛ Validating Clases/Clase%2002/example.wlk","timeElapsed":149,"timestamp":"2024-09-18T14:24:49.713Z"}
{"level":"info","message":"⌛ Validating Clases/Clase%2002/example.wlk","timeElapsed":123,"timestamp":"2024-09-18T14:24:49.845Z"}
{"level":"info","message":"⌛ Validating Clases/Clase%2002/example.wlk","timeElapsed":136,"timestamp":"2024-09-18T14:24:50.091Z"}
{"level":"info","message":"⌛ Building environment","timeElapsed":132,"timestamp":"2024-09-18T14:24:50.558Z"}
{"level":"info","message":"⌛ Validating Clases/Clase%2002/example.wlk","timeElapsed":205,"timestamp":"2024-09-18T14:24:50.765Z"}
{"level":"info","message":"⌛ Building environment","timeElapsed":148,"timestamp":"2024-09-18T14:24:50.914Z"}
{"level":"info","message":"⌛ Validating Clases/Clase%2002/example.wlk","timeElapsed":126,"timestamp":"2024-09-18T14:24:51.049Z"}
{"level":"info","message":"⌛ Building environment","timeElapsed":148,"timestamp":"2024-09-18T14:24:51.274Z"}
{"level":"error","message":"✘ Completions for node failed: Error: [Return]{e3c4e8} at Clases/Clase%2002/example.wlk:-- exhausted all cases without a match [Return]{e3c4e8} at Clases/Clase%2002/example.wlk:-- exhausted all cases without a match","stack":"Error: [Return]{e3c4e8} at Clases/Clase%2002/example.wlk:-- exhausted all cases without a match\n    at c:\\Users\\rami\\.vscode\\extensions\\uqbar.wollok-lsp-ide-0.3.4\\node_modules\\wollok-ts\\dist\\extensions.js:85:11\n    at completionsForNode (c:\\Users\\rami\\.vscode\\extensions\\uqbar.wollok-lsp-ide-0.3.4\\server\\out\\functionalities\\autocomplete\\node-completion.js:10:44)\n    at completeForParent (c:\\Users\\rami\\.vscode\\extensions\\uqbar.wollok-lsp-ide-0.3.4\\server\\out\\functionalities\\autocomplete\\node-completion.js:56:43)\n    at completeReference (c:\\Users\\rami\\.vscode\\extensions\\uqbar.wollok-lsp-ide-0.3.4\\server\\out\\functionalities\\autocomplete\\node-completion.js:64:135)\n    at c:\\Users\\rami\\.vscode\\extensions\\uqbar.wollok-lsp-ide-0.3.4\\node_modules\\wollok-ts\\dist\\extensions.js:84:20\n    at completionsForNode (c:\\Users\\rami\\.vscode\\extensions\\uqbar.wollok-lsp-ide-0.3.4\\server\\out\\functionalities\\autocomplete\\node-completion.js:10:44)\n    at c:\\Users\\rami\\.vscode\\extensions\\uqbar.wollok-lsp-ide-0.3.4\\server\\out\\functionalities\\autocomplete\\autocomplete.js:26:154\n    at c:\\Users\\rami\\.vscode\\extensions\\uqbar.wollok-lsp-ide-0.3.4\\server\\out\\server.js:198:20\n    at c:\\Users\\rami\\.vscode\\extensions\\uqbar.wollok-lsp-ide-0.3.4\\server\\node_modules\\vscode-languageserver\\lib\\common\\server.js:593:20\n    at handleRequest (c:\\Users\\rami\\.vscode\\extensions\\uqbar.wollok-lsp-ide-0.3.4\\server\\node_modules\\vscode-jsonrpc\\lib\\common\\connection.js:493:41)","timestamp":"2024-09-18T14:24:51.304Z"}
{"level":"info","message":"⌛ Validating Clases/Clase%2002/example.wlk","timeElapsed":179,"timestamp":"2024-09-18T14:24:51.492Z"}
{"level":"info","message":"onRequest - completionItem/resolve","timestamp":"2024-09-18T14:24:51.492Z"}
{"level":"info","message":"⌛ Building environment","timeElapsed":109,"timestamp":"2024-09-18T14:24:51.603Z"}
{"level":"info","message":"onRequest - completionItem/resolve","timestamp":"2024-09-18T14:24:51.611Z"}
{"level":"info","message":"⌛ Building environment","timeElapsed":112,"timestamp":"2024-09-18T14:24:51.723Z"}
{"level":"info","message":"onRequest - completionItem/resolve","timestamp":"2024-09-18T14:24:51.724Z"}
{"level":"info","message":"⌛ Validating Clases/Clase%2002/example.wlk","timeElapsed":160,"timestamp":"2024-09-18T14:24:51.884Z"}
{"level":"info","message":"⌛ Building environment","timeElapsed":120,"timestamp":"2024-09-18T14:24:52.009Z"}
{"level":"info","message":"onRequest - completionItem/resolve","timestamp":"2024-09-18T14:24:52.009Z"}
{"level":"info","message":"⌛ Validating Clases/Clase%2002/example.wlk","timeElapsed":166,"timestamp":"2024-09-18T14:24:52.175Z"}
{"level":"info","message":"⌛ Building environment","timeElapsed":114,"timestamp":"2024-09-18T14:24:52.290Z"}
{"level":"info","message":"onRequest - completionItem/resolve","timestamp":"2024-09-18T14:24:52.291Z"}
{"level":"info","message":"onRequest - completionItem/resolve","timestamp":"2024-09-18T14:24:52.387Z"}
{"level":"info","message":"⌛ Validating Clases/Clase%2002/example.wlk","timeElapsed":168,"timestamp":"2024-09-18T14:24:52.556Z"}
{"level":"info","message":"⌛ Building environment","timeElapsed":136,"timestamp":"2024-09-18T14:24:52.699Z"}
{"level":"info","message":"onRequest - completionItem/resolve","timestamp":"2024-09-18T14:24:52.700Z"}
{"level":"info","message":"⌛ Building environment","timeElapsed":168,"timestamp":"2024-09-18T14:24:52.869Z"}
{"level":"info","message":"onRequest - completionItem/resolve","timestamp":"2024-09-18T14:24:52.882Z"}
{"level":"info","message":"⌛ Validating Clases/Clase%2002/example.wlk","timeElapsed":158,"timestamp":"2024-09-18T14:24:53.041Z"}
{"level":"info","message":"⌛ Validating Clases/Clase%2002/example.wlk","timeElapsed":155,"timestamp":"2024-09-18T14:24:53.198Z"}
{"level":"info","message":"onRequest - completionItem/resolve","timestamp":"2024-09-18T14:24:53.293Z"}
{"level":"info","message":"⌛ Building environment","timeElapsed":109,"timestamp":"2024-09-18T14:24:53.404Z"}
{"level":"info","message":"onRequest - completionItem/resolve","timestamp":"2024-09-18T14:24:53.405Z"}
{"level":"info","message":"⌛ Validating Clases/Clase%2002/example.wlk","timeElapsed":132,"timestamp":"2024-09-18T14:24:53.538Z"}
{"level":"info","message":"⌛ Validating Clases/Clase%2002/example.wlk","timeElapsed":145,"timestamp":"2024-09-18T14:24:53.691Z"}
{"level":"info","message":"onRequest - completionItem/resolve","timestamp":"2024-09-18T14:24:53.692Z"}
{"level":"info","message":"⌛ Building environment","timeElapsed":127,"timestamp":"2024-09-18T14:24:53.820Z"}
{"level":"info","message":"⌛ Validating Clases/Clase%2002/example.wlk","timeElapsed":157,"timestamp":"2024-09-18T14:24:53.978Z"}
{"level":"info","message":"⌛ Validating Clases/Clase%2002/example.wlk","timeElapsed":125,"timestamp":"2024-09-18T14:24:54.112Z"}
{"level":"info","message":"⌛ Validating Clases/Clase%2002/example.wlk","timeElapsed":139,"timestamp":"2024-09-18T14:24:54.356Z"}
{"level":"info","message":"⌛ Validating Clases/Clase%2002/example.wlk","timeElapsed":170,"timestamp":"2024-09-18T14:24:54.534Z"}
{"level":"info","message":"⌛ Building environment","timeElapsed":156,"timestamp":"2024-09-18T14:24:55.247Z"}
{"level":"info","message":"⌛ Validating Clases/Clase%2002/example.wlk","timeElapsed":124,"timestamp":"2024-09-18T14:24:55.372Z"}
{"level":"info","message":"⌛ Building environment","timeElapsed":127,"timestamp":"2024-09-18T14:24:55.738Z"}
{"level":"info","message":"⌛ Validating Clases/Clase%2002/example.wlk","timeElapsed":135,"timestamp":"2024-09-18T14:24:55.875Z"}
{"level":"info","message":"⌛ Building environment","timeElapsed":128,"timestamp":"2024-09-18T14:24:57.688Z"}
{"level":"info","message":"⌛ Validating Clases/Clase%2002/example.wlk","timeElapsed":168,"timestamp":"2024-09-18T14:24:57.858Z"}
{"level":"info","message":"⌛ Validating Clases/Clase%2002/example.wlk","timeElapsed":149,"timestamp":"2024-09-18T14:24:58.108Z"}
